<?xml version="1.0" encoding="UTF-8"?>
<testng-results total="1" passed="1" failed="0" skipped="0">
  <reporter-output>
  </reporter-output>
  <suite started-at="2022-03-13T15:59:36Z" name="Default suite" finished-at="2022-03-13T16:00:26Z" duration-ms="49299">
    <groups>
    </groups>
    <test started-at="2022-03-13T15:59:36Z" name="Default test" finished-at="2022-03-13T16:00:26Z" duration-ms="49299">
      <class name="File.FileUploadandDownload.DownLoadFileUsingChromeOptionsClass">
        <test-method signature="UploadFilePlusRobot()[pri:0, instance:File.FileUploadandDownload.DownLoadFileUsingChromeOptionsClass@45a37759]" started-at="2022-03-13T21:29:36Z" name="UploadFilePlusRobot" finished-at="2022-03-13T21:30:26Z" duration-ms="49238" status="PASS">
          <reporter-output>
          </reporter-output>
        </test-method> <!-- UploadFilePlusRobot -->
      </class> <!-- File.FileUploadandDownload.DownLoadFileUsingChromeOptionsClass -->
    </test> <!-- Default test -->
  </suite> <!-- Default suite -->
</testng-results>
