<?xml version="1.0" encoding="UTF-8"?>
<testng-results total="1" passed="1" failed="0" skipped="0">
  <reporter-output>
    <line>
      <![CDATA[Driver is initialized]]>
    </line>
    <line>
      <![CDATA[Navigated to Home Page]]>
    </line>
    <line>
      <![CDATA[One-Way trip is selected]]>
    </line>
    <line>
      <![CDATA[Country - India is selected from list of available countries]]>
    </line>
    <line>
      <![CDATA[Senior-Citizen check box is selected]]>
    </line>
    <line>
      <![CDATA[Bangalore is selected as boarding point]]>
    </line>
    <line>
      <![CDATA[Chennai is selected as destination point]]>
    </line>
    <line>
      <![CDATA[Current date is selected]]>
    </line>
    <line>
      <![CDATA[Second calendar is disabled while selecting flight]]>
    </line>
    <line>
      <![CDATA[Number of Senior citizens selected for boarding from BLA to MAA are '5']]>
    </line>
    <line>
      <![CDATA[Number of passengers are confirmed]]>
    </line>
    <line>
      <![CDATA[Indian currency is selected]]>
    </line>
    <line>
      <![CDATA[Flight booking confirmed]]>
    </line>
  </reporter-output>
  <suite started-at="2022-03-13T13:38:55Z" name="Suite" finished-at="2022-03-13T13:39:24Z" duration-ms="29009">
    <groups>
    </groups>
    <test started-at="2022-03-13T13:38:55Z" name="Validating core navigation to successful ordering vegetables" finished-at="2022-03-13T13:39:24Z" duration-ms="29009">
      <class name="FlightBookingE2E.FlightBooking.baseNavigation">
        <test-method is-config="true" signature="initialize()[pri:0, instance:FlightBookingE2E.FlightBooking.baseNavigation@5972d253]" started-at="2022-03-13T19:08:55Z" name="initialize" finished-at="2022-03-13T19:09:19Z" duration-ms="23854" status="PASS">
          <reporter-output>
            <line>
              <![CDATA[Driver is initialized]]>
            </line>
            <line>
              <![CDATA[Navigated to Home Page]]>
            </line>
          </reporter-output>
        </test-method> <!-- initialize -->
        <test-method signature="PageNavigation()[pri:0, instance:FlightBookingE2E.FlightBooking.baseNavigation@5972d253]" started-at="2022-03-13T19:09:19Z" name="PageNavigation" finished-at="2022-03-13T19:09:24Z" duration-ms="5003" status="PASS">
          <reporter-output>
            <line>
              <![CDATA[One-Way trip is selected]]>
            </line>
            <line>
              <![CDATA[Country - India is selected from list of available countries]]>
            </line>
            <line>
              <![CDATA[Senior-Citizen check box is selected]]>
            </line>
            <line>
              <![CDATA[Bangalore is selected as boarding point]]>
            </line>
            <line>
              <![CDATA[Chennai is selected as destination point]]>
            </line>
            <line>
              <![CDATA[Current date is selected]]>
            </line>
            <line>
              <![CDATA[Second calendar is disabled while selecting flight]]>
            </line>
            <line>
              <![CDATA[Number of Senior citizens selected for boarding from BLA to MAA are '5']]>
            </line>
            <line>
              <![CDATA[Number of passengers are confirmed]]>
            </line>
            <line>
              <![CDATA[Indian currency is selected]]>
            </line>
            <line>
              <![CDATA[Flight booking confirmed]]>
            </line>
          </reporter-output>
        </test-method> <!-- PageNavigation -->
      </class> <!-- FlightBookingE2E.FlightBooking.baseNavigation -->
    </test> <!-- Validating core navigation to successful ordering vegetables -->
  </suite> <!-- Suite -->
</testng-results>
